[    0.000000] Initializing cgroup subsys cpuset
[    0.000000] Initializing cgroup subsys cpu
[    0.000000] Initializing cgroup subsys cpuacct
[    0.000000] Linux version 4.4.0-210-generic (buildd@lgw01-amd64-009) (gcc version 5.4.0 20160609 (Ubuntu 5.4.0-6ubuntu1~16.04.12) ) #242-Ubuntu SMP Fri Apr 16 09:57:56 UTC 2021 (Ubuntu 4.4.0-210.242-generic 4.4.262)
[    0.000000] Command line: BOOT_IMAGE=/boot/vmlinuz-4.4.0-210-generic root=LABEL=cloudimg-rootfs ro console=tty1 console=ttyS0
[    0.000000] KERNEL supported cpus:
[    0.000000]   Intel GenuineIntel
[    0.000000]   AMD AuthenticAMD
[    0.000000]   Centaur CentaurHauls
[    0.000000] x86/fpu: xstate_offset[2]:  576, xstate_sizes[2]:  256
[    0.000000] x86/fpu: Supporting XSAVE feature 0x01: 'x87 floating point registers'
[    0.000000] x86/fpu: Supporting XSAVE feature 0x02: 'SSE registers'
[    0.000000] x86/fpu: Supporting XSAVE feature 0x04: 'AVX registers'
[    0.000000] x86/fpu: Enabled xstate features 0x7, context size is 832 bytes, using 'standard' format.
[    0.000000] e820: BIOS-provided physical RAM map:
[    0.000000] BIOS-e820: [mem 0x0000000000000000-0x000000000009fbff] usable
[    0.000000] BIOS-e820: [mem 0x000000000009fc00-0x000000000009ffff] reserved
[    0.000000] BIOS-e820: [mem 0x00000000000f0000-0x00000000000fffff] reserved
[    0.000000] BIOS-e820: [mem 0x0000000000100000-0x000000003ffeffff] usable
[    0.000000] BIOS-e820: [mem 0x000000003fff0000-0x000000003fffffff] ACPI data
[    0.000000] BIOS-e820: [mem 0x00000000fec00000-0x00000000fec00fff] reserved
[    0.000000] BIOS-e820: [mem 0x00000000fee00000-0x00000000fee00fff] reserved
[    0.000000] BIOS-e820: [mem 0x00000000fffc0000-0x00000000ffffffff] reserved
[    0.000000] NX (Execute Disable) protection: active
[    0.000000] SMBIOS 2.5 present.
[    0.000000] Hypervisor detected: KVM
[    0.000000] Kernel/User page tables isolation: disabled
[    0.000000] e820: last_pfn = 0x3fff0 max_arch_pfn = 0x400000000
[    0.000000] MTRR: Disabled
[    0.000000] x86/PAT: MTRRs disabled, skipping PAT initialization too.
[    0.000000] CPU MTRRs all blank - virtualized system.
[    0.000000] x86/PAT: Configuration [0-7]: WB  WT  UC- UC  WB  WT  UC- UC  
[    0.000000] found SMP MP-table at [mem 0x0009fff0-0x0009ffff] mapped at [ffff88000009fff0]
[    0.000000] Scanning 1 areas for low memory corruption
[    0.000000] RAMDISK: [mem 0x362dc000-0x37165fff]
[    0.000000] ACPI: Early table checksum verification disabled
[    0.000000] ACPI: RSDP 0x00000000000E0000 000024 (v02 VBOX  )
[    0.000000] ACPI: XSDT 0x000000003FFF0030 00003C (v01 VBOX   VBOXXSDT 00000001 ASL  00000061)
[    0.000000] ACPI: FACP 0x000000003FFF00F0 0000F4 (v04 VBOX   VBOXFACP 00000001 ASL  00000061)
[    0.000000] ACPI: DSDT 0x000000003FFF0610 002353 (v02 VBOX   VBOXBIOS 00000002 INTL 20100528)
[    0.000000] ACPI: FACS 0x000000003FFF0200 000040
[    0.000000] ACPI: FACS 0x000000003FFF0200 000040
[    0.000000] ACPI: APIC 0x000000003FFF0240 00005C (v02 VBOX   VBOXAPIC 00000001 ASL  00000061)
[    0.000000] ACPI: SSDT 0x000000003FFF02A0 00036C (v01 VBOX   VBOXCPUT 00000002 INTL 20100528)
[    0.000000] No NUMA configuration found
[    0.000000] Faking a node at [mem 0x0000000000000000-0x000000003ffeffff]
[    0.000000] NODE_DATA(0) allocated [mem 0x3ffeb000-0x3ffeffff]
[    0.000000] kvm-clock: Using msrs 4b564d01 and 4b564d00
[    0.000000] kvm-clock: cpu 0, msr 0:3ffe3001, primary cpu clock
[    0.000000] kvm-clock: using sched offset of 3146082785 cycles
[    0.000000] clocksource: kvm-clock: mask: 0xffffffffffffffff max_cycles: 0x1cd42e4dffb, max_idle_ns: 881590591483 ns
[    0.000000] Zone ranges:
[    0.000000]   DMA      [mem 0x0000000000001000-0x0000000000ffffff]
[    0.000000]   DMA32    [mem 0x0000000001000000-0x000000003ffeffff]
[    0.000000]   Normal   empty
[    0.000000]   Device   empty
[    0.000000] Movable zone start for each node
[    0.000000] Early memory node ranges
[    0.000000]   node   0: [mem 0x0000000000001000-0x000000000009efff]
[    0.000000]   node   0: [mem 0x0000000000100000-0x000000003ffeffff]
[    0.000000] Initmem setup node 0 [mem 0x0000000000001000-0x000000003ffeffff]
[    0.000000] ACPI: PM-Timer IO Port: 0x4008
[    0.000000] IOAPIC[0]: apic_id 2, version 32, address 0xfec00000, GSI 0-23
[    0.000000] ACPI: INT_SRC_OVR (bus 0 bus_irq 0 global_irq 2 dfl dfl)
[    0.000000] ACPI: INT_SRC_OVR (bus 0 bus_irq 9 global_irq 9 low level)
[    0.000000] Using ACPI (MADT) for SMP configuration information
[    0.000000] smpboot: Allowing 2 CPUs, 0 hotplug CPUs
[    0.000000] PM: Registered nosave memory: [mem 0x00000000-0x00000fff]
[    0.000000] PM: Registered nosave memory: [mem 0x0009f000-0x0009ffff]
[    0.000000] PM: Registered nosave memory: [mem 0x000a0000-0x000effff]
[    0.000000] PM: Registered nosave memory: [mem 0x000f0000-0x000fffff]
[    0.000000] e820: [mem 0x40000000-0xfebfffff] available for PCI devices
[    0.000000] Booting paravirtualized kernel on KVM
[    0.000000] clocksource: refined-jiffies: mask: 0xffffffff max_cycles: 0xffffffff, max_idle_ns: 7645519600211568 ns
[    0.000000] setup_percpu: NR_CPUS:512 nr_cpumask_bits:512 nr_cpu_ids:2 nr_node_ids:1
[    0.000000] PERCPU: Embedded 33 pages/cpu @ffff88003fc00000 s95192 r8192 d31784 u1048576
[    0.000000] Built 1 zonelists in Node order, mobility grouping on.  Total pages: 257912
[    0.000000] Policy zone: DMA32
[    0.000000] Kernel command line: BOOT_IMAGE=/boot/vmlinuz-4.4.0-210-generic root=LABEL=cloudimg-rootfs ro console=tty1 console=ttyS0
[    0.000000] PID hash table entries: 4096 (order: 3, 32768 bytes)
[    0.000000] Memory: 997792K/1048120K available (8644K kernel code, 1332K rwdata, 4044K rodata, 1492K init, 1164K bss, 50328K reserved, 0K cma-reserved)
[    0.000000] SLUB: HWalign=64, Order=0-3, MinObjects=0, CPUs=2, Nodes=1
[    0.000000] Hierarchical RCU implementation.
[    0.000000] 	Build-time adjustment of leaf fanout to 64.
[    0.000000] 	RCU restricting CPUs from NR_CPUS=512 to nr_cpu_ids=2.
[    0.000000] RCU: Adjusting geometry for rcu_fanout_leaf=64, nr_cpu_ids=2
[    0.000000] NR_IRQS:33024 nr_irqs:440 16
[    0.000000] Console: colour VGA+ 80x25
[    0.000000] console [tty1] enabled
[    0.000000] console [ttyS0] enabled
[    0.000000] tsc: Detected 2419.202 MHz processor
[    0.134379] Calibrating delay loop (skipped) preset value.. 4838.40 BogoMIPS (lpj=9676808)
[    0.135872] pid_max: default: 32768 minimum: 301
[    0.136882] ACPI: Core revision 20150930
[    0.139287] ACPI: 2 ACPI AML tables successfully acquired and loaded
[    0.140338] Security Framework initialized
[    0.141006] Yama: becoming mindful.
[    0.141739] AppArmor: AppArmor initialized
[    0.142645] Dentry cache hash table entries: 131072 (order: 8, 1048576 bytes)
[    0.143781] Inode-cache hash table entries: 65536 (order: 7, 524288 bytes)
[    0.148265] Mount-cache hash table entries: 2048 (order: 2, 16384 bytes)
[    0.149520] Mountpoint-cache hash table entries: 2048 (order: 2, 16384 bytes)
[    0.151090] Initializing cgroup subsys io
[    0.151886] Initializing cgroup subsys memory
[    0.152729] Initializing cgroup subsys devices
[    0.153691] Initializing cgroup subsys freezer
[    0.154571] Initializing cgroup subsys net_cls
[    0.155634] Initializing cgroup subsys perf_event
[    0.157346] Initializing cgroup subsys net_prio
[    0.158980] Initializing cgroup subsys hugetlb
[    0.160218] Initializing cgroup subsys pids
[    0.166560] mce: CPU supports 0 MCE banks
[    0.167895] Last level iTLB entries: 4KB 0, 2MB 0, 4MB 0
[    0.169501] Last level dTLB entries: 4KB 0, 2MB 0, 4MB 0, 1GB 0
[    0.171637] Spectre V1 : Mitigation: usercopy/swapgs barriers and __user pointer sanitization
[    0.173732] Spectre V2 : Mitigation: Full generic retpoline
[    0.175480] Spectre V2 : Spectre v2 / SpectreRSB mitigation: Filling RSB on context switch
[    0.177716] Speculative Store Bypass: Vulnerable
[    0.181488] Freeing SMP alternatives memory: 36K
[    0.187796] ftrace: allocating 32380 entries in 127 pages
[    0.264143] smpboot: APIC(0) Converting physical 0 to logical package 0
[    0.267062] smpboot: Max logical packages: 1
[    0.269124] x2apic enabled
[    0.270688] Switched APIC routing to physical x2apic.
[    0.274080] ..TIMER: vector=0x30 apic1=0 pin1=2 apic2=-1 pin2=-1
[    0.383925] smpboot: CPU0: 11th Gen Intel(R) Core(TM) i5-1135G7 @ 2.40GHz (family: 0x6, model: 0x8c, stepping: 0x1)
[    0.386886] Performance Events: unsupported p6 CPU model 140 no PMU driver, software events only.
[    0.397452] KVM setup paravirtual spinlock
[    0.399012] x86: Booting SMP configuration:
[    0.399913] .... node  #0, CPUs:      #1
[    0.400966] kvm-clock: cpu 1, msr 0:3ffe3041, secondary cpu clock
[    0.406498] mce: CPU supports 0 MCE banks
[    0.409186] x86: Booted up 1 node, 2 CPUs
[    0.410110] smpboot: Total of 2 processors activated (9676.80 BogoMIPS)
[    0.411544] devtmpfs: initialized
[    0.413291] evm: security.selinux
[    0.413992] evm: security.SMACK64
[    0.414793] evm: security.SMACK64EXEC
[    0.415531] evm: security.SMACK64TRANSMUTE
[    0.416558] evm: security.SMACK64MMAP
[    0.417264] evm: security.ima
[    0.417885] evm: security.capability
[    0.418662] clocksource: jiffies: mask: 0xffffffff max_cycles: 0xffffffff, max_idle_ns: 7645041785100000 ns
[    0.420186] futex hash table entries: 512 (order: 3, 32768 bytes)
[    0.421530] pinctrl core: initialized pinctrl subsystem
[    0.424451] RTC time: 11:31:36, date: 05/20/24
[    0.432614] NET: Registered protocol family 16
[    0.445354] cpuidle: using governor ladder
[    0.457685] cpuidle: using governor menu
[    0.459971] PCCT header not found.
[    0.462494] ACPI: bus type PCI registered
[    0.464316] acpiphp: ACPI Hot Plug PCI Controller Driver version: 0.5
[    0.466923] PCI: Using configuration type 1 for base access
[    0.481956] ACPI: Added _OSI(Module Device)
[    0.484132] ACPI: Added _OSI(Processor Device)
[    0.486140] ACPI: Added _OSI(3.0 _SCP Extensions)
[    0.487965] ACPI: Added _OSI(Processor Aggregator Device)
[    0.491205] ACPI: Executed 1 blocks of module-level executable AML code
[    0.497883] ACPI: Interpreter enabled
[    0.499389] ACPI: (supports S0 S5)
[    0.500823] ACPI: Using IOAPIC for interrupt routing
[    0.502937] PCI: Using host bridge windows from ACPI; if necessary, use "pci=nocrs" and report a bug
[    0.512528] ACPI: PCI Root Bridge [PCI0] (domain 0000 [bus 00-ff])
[    0.514228] acpi PNP0A03:00: _OSC: OS supports [ASPM ClockPM Segments MSI]
[    0.516479] acpi PNP0A03:00: _OSC: not requesting OS control; OS requires [ExtendedConfig ASPM ClockPM MSI]
[    0.519007] acpi PNP0A03:00: fail to add MMCONFIG information, can't access extended PCI configuration space under this bridge.
[    0.521593] PCI host bridge to bus 0000:00
[    0.522501] pci_bus 0000:00: root bus resource [io  0x0000-0x0cf7 window]
[    0.523793] pci_bus 0000:00: root bus resource [io  0x0d00-0xffff window]
[    0.525091] pci_bus 0000:00: root bus resource [mem 0x000a0000-0x000bffff window]
[    0.526447] pci_bus 0000:00: root bus resource [mem 0x40000000-0xfdffffff window]
[    0.527690] pci_bus 0000:00: root bus resource [bus 00-ff]
[    0.529954] pci 0000:00:01.1: legacy IDE quirk: reg 0x10: [io  0x01f0-0x01f7]
[    0.530994] pci 0000:00:01.1: legacy IDE quirk: reg 0x14: [io  0x03f6]
[    0.531982] pci 0000:00:01.1: legacy IDE quirk: reg 0x18: [io  0x0170-0x0177]
[    0.533161] pci 0000:00:01.1: legacy IDE quirk: reg 0x1c: [io  0x0376]
[    0.542621] pci 0000:00:07.0: quirk: [io  0x4000-0x403f] claimed by PIIX4 ACPI
[    0.559574] pci 0000:00:07.0: quirk: [io  0x4100-0x410f] claimed by PIIX4 SMB
[    0.574778] ACPI: PCI Interrupt Link [LNKA] (IRQs 5 9 10 *11)
[    0.578548] ACPI: PCI Interrupt Link [LNKB] (IRQs 5 9 *10 11)
[    0.581152] ACPI: PCI Interrupt Link [LNKC] (IRQs 5 *9 10 11)
[    0.583750] ACPI: PCI Interrupt Link [LNKD] (IRQs 5 9 10 *11)
[    0.586465] ACPI: Enabled 2 GPEs in block 00 to 07
[    0.588641] vgaarb: setting as boot device: PCI:0000:00:02.0
[    0.590462] vgaarb: device added: PCI:0000:00:02.0,decodes=io+mem,owns=io+mem,locks=none
[    0.593166] vgaarb: loaded
[    0.594237] vgaarb: bridge control possible 0000:00:02.0
[    0.596335] SCSI subsystem initialized
[    0.597909] ACPI: bus type USB registered
[    0.599281] usbcore: registered new interface driver usbfs
[    0.601041] usbcore: registered new interface driver hub
[    0.602674] usbcore: registered new device driver usb
[    0.604523] PCI: Using ACPI for IRQ routing
[    0.606063] NetLabel: Initializing
[    0.607015] NetLabel:  domain hash size = 128
[    0.608164] NetLabel:  protocols = UNLABELED CIPSOv4
[    0.609410] NetLabel:  unlabeled traffic allowed by default
[    0.610902] amd_nb: Cannot enumerate AMD northbridges
[    0.611948] clocksource: Switched to clocksource kvm-clock
[    0.624195] AppArmor: AppArmor Filesystem Enabled
[    0.625098] pnp: PnP ACPI init
[    0.626341] pnp: PnP ACPI: found 3 devices
[    0.634821] clocksource: acpi_pm: mask: 0xffffff max_cycles: 0xffffff, max_idle_ns: 2085701024 ns
[    0.636731] NET: Registered protocol family 2
[    0.637660] TCP established hash table entries: 8192 (order: 4, 65536 bytes)
[    0.638753] TCP bind hash table entries: 8192 (order: 5, 131072 bytes)
[    0.639730] TCP: Hash tables configured (established 8192 bind 8192)
[    0.640695] UDP hash table entries: 512 (order: 2, 16384 bytes)
[    0.641599] UDP-Lite hash table entries: 512 (order: 2, 16384 bytes)
[    0.642586] NET: Registered protocol family 1
[    0.643319] pci 0000:00:00.0: Limiting direct PCI/PCI transfers
[    0.644253] pci 0000:00:01.0: Activating ISA DMA hang workarounds
[    0.648214] Unpacking initramfs...
[    0.976884] Freeing initrd memory: 14888K
[    0.978550] clocksource: tsc: mask: 0xffffffffffffffff max_cycles: 0x22df12c5959, max_idle_ns: 440795242016 ns
[    0.982095] platform rtc_cmos: registered platform RTC device (no PNP device found)
[    0.984722] Scanning for low memory corruption every 60 seconds
[    0.986997] audit: initializing netlink subsys (disabled)
[    0.989347] audit: type=2000 audit(1716204701.207:1): initialized
[    0.991364] Initialise system trusted keyring
[    0.992851] HugeTLB registered 2 MB page size, pre-allocated 0 pages
[    0.995777] zbud: loaded
[    0.996966] VFS: Disk quotas dquot_6.6.0
[    0.997875] VFS: Dquot-cache hash table entries: 512 (order 0, 4096 bytes)
[    0.999437] squashfs: version 4.0 (2009/01/31) Phillip Lougher
[    1.003942] fuse init (API version 7.23)
[    1.004847] Key type big_key registered
[    1.005537] Allocating IMA MOK and blacklist keyrings.
[    1.006970] Key type asymmetric registered
[    1.007660] Asymmetric key parser 'x509' registered
[    1.008601] Block layer SCSI generic (bsg) driver version 0.4 loaded (major 249)
[    1.009848] io scheduler noop registered
[    1.010521] io scheduler deadline registered (default)
[    1.011351] io scheduler cfq registered
[    1.012125] pci_hotplug: PCI Hot Plug PCI Core version: 0.5
[    1.012963] pciehp: PCI Express Hot Plug Controller Driver version: 0.4
[    1.014212] ACPI: AC Adapter [AC] (on-line)
[    1.014962] input: Power Button as /devices/LNXSYSTM:00/LNXPWRBN:00/input/input0
[    1.016152] ACPI: Power Button [PWRF]
[    1.016853] input: Sleep Button as /devices/LNXSYSTM:00/LNXSLPBN:00/input/input1
[    1.018078] ACPI: Sleep Button [SLPF]
[    1.018819] GHES: HEST is not enabled!
[    1.020111] ACPI: Battery Slot [BAT0] (battery present)
[    1.020944] Serial: 8250/16550 driver, 32 ports, IRQ sharing enabled
[    1.042390] 00:02: ttyS0 at I/O 0x3f8 (irq = 4, base_baud = 115200) is a 16550A
[    1.044814] Linux agpgart interface v0.103
[    1.046676] loop: module loaded
[    1.047769] scsi host0: ata_piix
[    1.048561] scsi host1: ata_piix
[    1.049235] ata1: PATA max UDMA/33 cmd 0x1f0 ctl 0x3f6 bmdma 0xd000 irq 14
[    1.050324] ata2: PATA max UDMA/33 cmd 0x170 ctl 0x376 bmdma 0xd008 irq 15
[    1.051501] libphy: Fixed MDIO Bus: probed
[    1.052378] tun: Universal TUN/TAP device driver, 1.6
[    1.053331] tun: (C) 1999-2004 Max Krasnyansky <maxk@qualcomm.com>
[    1.054351] PPP generic driver version 2.4.2
[    1.055161] ehci_hcd: USB 2.0 'Enhanced' Host Controller (EHCI) Driver
[    1.056211] ehci-pci: EHCI PCI platform driver
[    1.056972] ehci-platform: EHCI generic platform driver
[    1.057801] ohci_hcd: USB 1.1 'Open' Host Controller (OHCI) Driver
[    1.058705] ohci-pci: OHCI PCI platform driver
[    1.059427] ohci-platform: OHCI generic platform driver
[    1.060252] uhci_hcd: USB Universal Host Controller Interface driver
[    1.061386] i8042: PNP: PS/2 Controller [PNP0303:PS2K,PNP0f03:PS2M] at 0x60,0x64 irq 1,12
[    1.063382] serio: i8042 KBD port at 0x60,0x64 irq 1
[    1.064328] serio: i8042 AUX port at 0x60,0x64 irq 12
[    1.065298] mousedev: PS/2 mouse device common for all mice
[    1.066322] input: AT Translated Set 2 keyboard as /devices/platform/i8042/serio0/input/input2
[    1.067996] rtc_cmos rtc_cmos: rtc core: registered rtc_cmos as rtc0
[    1.069000] rtc_cmos rtc_cmos: alarms up to one day, 114 bytes nvram
[    1.069938] i2c /dev entries driver
[    1.070588] device-mapper: uevent: version 1.0.3
[    1.071350] device-mapper: ioctl: 4.34.0-ioctl (2015-10-28) initialised: dm-devel@redhat.com
[    1.072712] ledtrig-cpu: registered to indicate activity on CPUs
[    1.073908] NET: Registered protocol family 10
[    1.074832] NET: Registered protocol family 17
[    1.075548] Key type dns_resolver registered
[    1.076352] registered taskstats version 1
[    1.077032] Loading compiled-in X.509 certificates
[    1.078299] Loaded X.509 cert 'Build time autogenerated kernel key: cf00e047681d67edb2720680708b7d9498083038'
[    1.079825] zswap: loaded using pool lzo/zbud
[    1.081932] Key type trusted registered
[    1.085827] Key type encrypted registered
[    1.086709] AppArmor: AppArmor sha1 policy hashing enabled
[    1.087631] ima: No TPM chip found, activating TPM-bypass!
[    1.088546] ima: Allocated hash algorithm: sha1
[    1.089232] evm: HMAC attrs: 0x1
[    1.090147]   Magic number: 8:141:530
[    1.090732] tty ttyS10: hash matches
[    1.091409] rtc_cmos rtc_cmos: setting system clock to 2024-05-20 11:31:37 UTC (1716204697)
[    1.093815] BIOS EDD facility v0.16 2004-Jun-25, 0 devices found
[    1.095941] EDD information not available.
[    1.237680] Freeing unused kernel memory: 1492K
[    1.241125] Write protecting the kernel read-only data: 14336k
[    1.247012] Freeing unused kernel memory: 1584K
[    1.249916] Freeing unused kernel memory: 52K
Loading, please wait...
starting version 229
[    1.268174] random: systemd-udevd: uninitialized urandom read (16 bytes read, 3 bits of entropy available)
[    1.269723] random: udevadm: uninitialized urandom read (16 bytes read, 3 bits of entropy available)
[    1.269772] random: udevadm: uninitialized urandom read (16 bytes read, 3 bits of entropy available)
[    1.284604] random: systemd-udevd: uninitialized urandom read (16 bytes read, 3 bits of entropy available)
[    1.289213] random: systemd-udevd: uninitialized urandom read (16 bytes read, 3 bits of entropy available)
[    1.291000] random: udevadm: uninitialized urandom read (16 bytes read, 3 bits of entropy available)
[    1.291104] random: udevadm: uninitialized urandom read (16 bytes read, 3 bits of entropy available)
[    1.291454] random: udevadm: uninitialized urandom read (16 bytes read, 3 bits of entropy available)
[    1.291570] random: udevadm: uninitialized urandom read (16 bytes read, 3 bits of entropy available)
[    1.291681] random: udevadm: uninitialized urandom read (16 bytes read, 3 bits of entropy available)
[    1.338853] e1000: Intel(R) PRO/1000 Network Driver - version 7.3.21-k8-NAPI
[    1.340631] e1000: Copyright (c) 1999-2006 Intel Corporation.
[    1.341996] Fusion MPT base driver 3.04.20
[    1.343231] Copyright (c) 1999-2008 LSI Corporation
[    1.353469] Fusion MPT SPI Host driver 3.04.20
[    1.365802] AVX2 version of gcm_enc/dec engaged.
[    1.367021] AES CTR mode by8 optimization enabled
[    1.569507] input: ImExPS/2 Generic Explorer Mouse as /devices/platform/i8042/serio1/input/input4
[    1.853718] e1000 0000:00:03.0 eth0: (PCI:33MHz:32-bit) 02:be:82:6b:cc:1d
[    1.857133] e1000 0000:00:03.0 eth0: Intel(R) PRO/1000 Network Connection
[    2.874192] e1000 0000:00:08.0 eth1: (PCI:33MHz:32-bit) 08:00:27:f1:cc:a1
[    2.876545] e1000 0000:00:08.0 eth1: Intel(R) PRO/1000 Network Connection
[    2.878545] mptbase: ioc0: Initiating bringup
[    2.879025] e1000 0000:00:08.0 enp0s8: renamed from eth1
[    2.897125] e1000 0000:00:03.0 enp0s3: renamed from eth0
[    2.952849] ioc0: LSI53C1030 A0: Capabilities={Initiator}
[    3.121961] scsi host2: ioc0: LSI53C1030 A0, FwRev=00000000h, Ports=1, MaxQ=256, IRQ=20
[    3.236953] scsi 2:0:0:0: Direct-Access     VBOX     HARDDISK         1.0  PQ: 0 ANSI: 5
[    3.238204] scsi target2:0:0: Beginning Domain Validation
[    3.239575] scsi target2:0:0: Domain Validation skipping write tests
[    3.240748] scsi target2:0:0: Ending Domain Validation
[    3.242742] scsi target2:0:0: asynchronous
[    3.244890] scsi 2:0:1:0: Direct-Access     VBOX     HARDDISK         1.0  PQ: 0 ANSI: 5
[    3.247868] scsi target2:0:1: Beginning Domain Validation
[    3.269421] scsi target2:0:1: Domain Validation skipping write tests
[    3.271573] scsi target2:0:1: Ending Domain Validation
[    3.273400] scsi target2:0:1: asynchronous
[    3.279899] sd 2:0:0:0: Attached scsi generic sg0 type 0
[    3.281303] sd 2:0:0:0: [sda] 83886080 512-byte logical blocks: (42.9 GB/40.0 GiB)
[    3.281510] sd 2:0:1:0: Attached scsi generic sg1 type 0
[    3.281633] sd 2:0:1:0: [sdb] 20480 512-byte logical blocks: (10.5 MB/10.0 MiB)
[    3.281778] sd 2:0:1:0: [sdb] Write Protect is off
[    3.281932] sd 2:0:1:0: [sdb] Incomplete mode parameter data
[    3.281934] sd 2:0:1:0: [sdb] Assuming drive cache: write through
[    3.286291] sd 2:0:1:0: [sdb] Attached SCSI disk
[    3.290543] sd 2:0:0:0: [sda] Write Protect is off
[    3.291409] sd 2:0:0:0: [sda] Incomplete mode parameter data
[    3.292295] sd 2:0:0:0: [sda] Assuming drive cache: write through
[    3.294622]  sda: sda1
[    3.296376] sd 2:0:0:0: [sda] Attached SCSI disk
Begin: Loading essential drivers ... [    4.599707] md: linear personality registered for level -1
[    4.604427] md: multipath personality registered for level -4
[    4.608342] md: raid0 personality registered for level 0
[    4.612331] md: raid1 personality registered for level 1
[    4.684105] raid6: sse2x1   gen() 12255 MB/s
[    4.752035] raid6: sse2x1   xor()  4395 MB/s
[    4.819992] raid6: sse2x2   gen()  8263 MB/s
[    4.888006] raid6: sse2x2   xor()  9148 MB/s
[    4.956019] raid6: sse2x4   gen() 11435 MB/s
[    5.023994] raid6: sse2x4   xor()  5928 MB/s
[    5.092007] raid6: avx2x1   gen() 21212 MB/s
[    5.160022] raid6: avx2x2   gen() 31605 MB/s
[    5.227968] raid6: avx2x4   gen() 31614 MB/s
[    5.228805] raid6: using algorithm avx2x4 gen() 31614 MB/s
[    5.229758] raid6: using avx2x2 recovery algorithm
[    5.232037] xor: automatically using best checksumming function:
[    5.272069]    avx       : 24153.000 MB/sec
[    5.274323] async_tx: api initialized (async)
[    5.283529] md: raid6 personality registered for level 6
[    5.286299] md: raid5 personality registered for level 5
[    5.288743] md: raid4 personality registered for level 4
[    5.296441] md: raid10 personality registered for level 10
done.
Begin: Running /scripts/init-premount ... done.
Begin: Mounting root file system ... Begin: Running /scripts/local-top ... done.
Begin: Running /scripts/local-premount ... [    5.319499] Btrfs loaded
Scanning for Btrfs filesystems
done.
Warning: fsck not present, so skipping root file system
[    5.339122] EXT4-fs (sda1): mounted filesystem with ordered data mode. Opts: (null)
done.
Begin: Running /scripts/local-bottom ... done.
Begin: Running /scripts/init-bottom ... done.
[    5.403178] systemd[1]: systemd 229 running in system mode. (+PAM +AUDIT +SELINUX +IMA +APPARMOR +SMACK +SYSVINIT +UTMP +LIBCRYPTSETUP +GCRYPT +GNUTLS +ACL +XZ -LZ4 +SECCOMP +BLKID +ELFUTILS +KMOD -IDN)
[    5.405947] systemd[1]: Detected virtualization oracle.
[    5.406780] systemd[1]: Detected architecture x86-64.

Welcome to [1mUbuntu 16.04.7 LTS[0m!

[    5.409389] systemd[1]: Set hostname to <ubuntu-xenial>.
[    5.489170] systemd[1]: Listening on Device-mapper event daemon FIFOs.
[[0;32m  OK  [0m] Listening on Device-mapper event daemon FIFOs.
[    5.491166] systemd[1]: Created slice User and Session Slice.
[[0;32m  OK  [0m] Created slice User and Session Slice.
[    5.500904] systemd[1]: Listening on Journal Socket.
[[0;32m  OK  [0m] Listening on Journal Socket.
[    5.503789] systemd[1]: Reached target Encrypted Volumes.
[[0;32m  OK  [0m] Reached target Encrypted Volumes.
[    5.507287] systemd[1]: Set up automount Arbitrary Executable File Formats File System Automount Point.
[[0;32m  OK  [0m] Set up automount Arbitrary Executab...ats File System Automount Point.
[    5.512657] systemd[1]: Listening on Journal Audit Socket.
[[0;32m  OK  [0m] Listening on Journal Audit Socket.
[    5.515126] systemd[1]: Listening on udev Control Socket.
[[0;32m  OK  [0m] Listening on udev Control Socket.
[    5.516558] systemd[1]: Listening on LVM2 metadata daemon socket.
[[0;32m  OK  [0m] Listening on LVM2 metadata daemon socket.
[    5.518010] systemd[1]: Listening on Syslog Socket.
[[0;32m  OK  [0m] Listening on Syslog Socket.
[    5.519288] systemd[1]: Started Forward Password Requests to Wall Directory Watch.
[[0;32m  OK  [0m] Started Forward Password Requests to Wall Directory Watch.
[    5.521161] systemd[1]: Listening on fsck to fsckd communication Socket.
[[0;32m  OK  [0m] Listening on fsck to fsckd communication Socket.
[    5.524499] systemd[1]: Listening on /dev/initctl Compatibility Named Pipe.
[[0;32m  OK  [0m] Listening on /dev/initctl Compatibility Named Pipe.
[    5.527600] systemd[1]: Created slice System Slice.
[[0;32m  OK  [0m] Created slice System Slice.
[    5.548516] systemd[1]: Mounting Debug File System...
         Mounting Debug File System...
[    5.551445] systemd[1]: Starting Nameserver information manager...
         Starting Nameserver information manager...
[    5.559120] systemd[1]: Starting Uncomplicated firewall...
         Starting Uncomplicated firewall...
[    5.573616] systemd[1]: Mounting POSIX Message Queue File System...
         Mounting POSIX Message Queue File System...
[    5.583683] systemd[1]: Starting Load Kernel Modules...
         Starting Load Kernel Modules...
[    5.586906] systemd[1]: Starting File System Check on Root Device...
         Starting File System Check on Root Device...
[    5.590216] systemd[1]: Listening on Journal Socket (/dev/log).
[[0;32m  OK  [0m] Listening on Journal Socket (/dev/log).
[    5.592825] Loading iSCSI transport class v2.0-870.
[    5.597808] systemd[1]: Starting Journal Service...
         Starting Journal Service...
[    5.603416] systemd[1]: Mounting Huge Pages File System...
         Mounting Huge Pages File System...
[    5.616094] iscsi: registered transport (tcp)
[    5.617120] systemd[1]: Reached target System Time Synchronized.
[[0;32m  OK  [0m] Reached target System Time Synchronized.
[    5.632144] systemd[1]: Reached target User and Group Name Lookups.
[[0;32m  OK  [0m] Reached target User and Group Name Lookups.
[    5.644310] iscsi: registered transport (iser)
[    5.652898] systemd[1]: Starting Monitoring of LVM2 mirrors, snapshots etc. using dmeventd or progress polling...
         Starting Monitoring of LVM2 mirrors... dmeventd or progress polling...
[    5.656720] systemd[1]: Listening on LVM2 poll daemon socket.
[[0;32m  OK  [0m] Listening on LVM2 poll daemon socket.
[    5.658678] systemd[1]: Reached target Slices.
[[0;32m  OK  [0m] Reached target Slices.
[    5.660686] systemd[1]: Created slice system-serial\x2dgetty.slice.
[[0;32m  OK  [0m] Created slice system-serial\x2dgetty.slice.
[    5.671565] systemd[1]: Reached target Swap.
[[0;32m  OK  [0m] Reached target Swap.
[    5.675537] systemd[1]: Listening on udev Kernel Socket.
[[0;32m  OK  [0m] Listening on udev Kernel Socket.
[    5.680495] systemd[1]: Started Trigger resolvconf update for networkd DNS.
[[0;32m  OK  [0m] Started Trigger resolvconf update for networkd DNS.
[    5.685257] systemd[1]: Starting Create list of required static device nodes for the current kernel...
         Starting Create list of required st... nodes for the current kernel...
[    5.689911] systemd[1]: Starting Set console keymap...
         Starting Set console keymap...
[    5.693682] systemd[1]: Mounted Huge Pages File System.
[[0;32m  OK  [0m] Mounted Huge Pages File System.
[    5.695426] systemd[1]: Mounted POSIX Message Queue File System.
[[0;32m  OK  [0m] Mounted POSIX Message Queue File System.
[    5.697551] systemd[1]: Mounted Debug File System.
[[0;32m  OK  [0m] Mounted Debug File System.
[    5.699319] systemd[1]: Started Journal Service.
[[0;32m  OK  [0m] Started Journal Service.
[[0;32m  OK  [0m] Started Uncomplicated firewall.
[[0;32m  OK  [0m] Started Load Kernel Modules.
[[0;32m  OK  [0m] Started File System Check on Root Device.
[[0;32m  OK  [0m] Started Create list of required sta...ce nodes for the current kernel.
[[0;32m  OK  [0m] Started Nameserver information manager.
[[0;32m  OK  [0m] Started LVM2 metadata daemon.
[[0;32m  OK  [0m] Started File System Check Daemon to report status.
         Starting Create Static Device Nodes in /dev...
         Starting Remount Root and Kernel File Systems...
         Mounting FUSE Control File System...
         Starting Apply Kernel Variables...
[[0;32m  OK  [0m] Mounted FUSE Control File System.
[    5.738333] EXT4-fs (sda1): re-mounted. Opts: (null)
[[0;32m  OK  [0m] Started Remount Root and Kernel File Systems.
         Starting udev Coldplug all Devices...
         Starting Load/Save Random Seed...
         Starting Flush Journal to Persistent Storage...
[[0;32m  OK  [0m] Started Apply Kernel Variables.
[[0;32m  OK  [0m] Started Load/Save Random Seed.
[[0;32m  OK  [0m] Started Flush Journal to Persistent Storage.
[[0;32m  OK  [0m] Started Set console keymap.
[[0;32m  OK  [0m] Started Create Static Device Nodes in /dev.
         Starting udev Kernel Device Manager...
[[0;32m  OK  [0m] Started udev Kernel Device Manager.
[[0;32m  OK  [0m] Started udev Coldplug all Devices.
[[0;32m  OK  [0m] Started Dispatch Password Requests to Console Directory Watch.
[[0;32m  OK  [0m] Found device /dev/ttyS0.
[[0;32m  OK  [0m] Listening on Load/Save RF Kill Switch Status /dev/rfkill Watch.
[[0;32m  OK  [0m] Found device 82540EM Gigabit Ethern...r (PRO/1000 MT Desktop Adapter).
[[0;32m  OK  [0m] Found device 82540EM Gigabit Ethern...r (PRO/1000 MT Desktop Adapter).
[[0;32m  OK  [0m] Started Monitoring of LVM2 mirrors,...ng dmeventd or progress polling.
[[0;32m  OK  [0m] Reached target Local File Systems (Pre).
[[0;32m  OK  [0m] Reached target Local File Systems.
         Starting Set console font and keymap...
         Starting Tell Plymouth To Write Out Runtime Data...
         Starting Initial cloud-init job (pre-networking)...
         Starting LSB: AppArmor initialization...
         Starting Create Volatile Files and Directories...
[[0;32m  OK  [0m] Started Tell Plymouth To Write Out Runtime Data.
[[0;32m  OK  [0m] Started Create Volatile Files and Directories.
         Starting Update UTMP about System Boot/Shutdown...
[[0;32m  OK  [0m] Started Update UTMP about System Boot/Shutdown.
[[0;32m  OK  [0m] Started LSB: AppArmor initialization.
         Starting Load AppArmor profiles managed internally by snapd...
[[0;32m  OK  [0m] Started Load AppArmor profiles managed internally by snapd.
[[0;32m  OK  [0m] Started Set console font and keymap.
[[0;32m  OK  [0m] Created slice system-getty.slice.
[    7.069496] cloud-init[662]: Cloud-init v. 21.1-19-gbad84ad4-0ubuntu1~16.04.2 running 'init-local' at Mon, 20 May 2024 11:31:43 +0000. Up 6.83 seconds.
[[0;32m  OK  [0m] Started Initial cloud-init job (pre-networking).
[[0;32m  OK  [0m] Reached target Network (Pre).
         Starting Raise network interfaces...
[[0;32m  OK  [0m] Started ifup for enp0s8.
[[0;32m  OK  [0m] Started ifup for enp0s3.
[[0;32m  OK  [0m] Started Raise network interfaces.
[[0;32m  OK  [0m] Reached target Network.
         Starting Initial cloud-init job (metadata service crawler)...
[    7.884365] cloud-init[1086]: Cloud-init v. 21.1-19-gbad84ad4-0ubuntu1~16.04.2 running 'init' at Mon, 20 May 2024 11:31:44 +0000. Up 7.66 seconds.
[    7.886518] cloud-init[1086]: ci-info: ++++++++++++++++++++++++++++++++++++++Net device info+++++++++++++++++++++++++++++++++++++++
[    7.888657] cloud-init[1086]: ci-info: +--------+------+-----------------------------+---------------+--------+-------------------+
[    7.890648] cloud-init[1086]: ci-info: | Device |  Up  |           Address           |      Mask     | Scope  |     Hw-Address    |
[    7.892691] cloud-init[1086]: ci-info: +--------+------+-----------------------------+---------------+--------+-------------------+
[    7.894688] cloud-init[1086]: ci-info: | enp0s3 | True |          10.0.2.15          | 255.255.255.0 | global | 02:be:82:6b:cc:1d |
[    7.896454] cloud-init[1086]: ci-info: | enp0s3 | True |  fe80::be:82ff:fe6b:cc1d/64 |       .       |  link  | 02:be:82:6b:cc:1d |
[    7.900582] cloud-init[1086]: ci-info: | enp0s8 | True |        192.168.50.55        | 255.255.255.0 | global | 08:00:27:f1:cc:a1 |
[    7.901676] cloud-init[1086]: ci-info: | enp0s8 | True | fe80::a00:27ff:fef1:cca1/64 |       .       |  link  | 08:00:27:f1:cc:a1 |
[    7.902507] cloud-init[1086]: ci-info: |   lo   | True |          127.0.0.1          |   255.0.0.0   |  host  |         .         |
[    7.903722] cloud-init[1086]: ci-info: |   lo   | True |           ::1/128           |       .       |  host  |         .         |
[    7.905018] cloud-init[1086]: ci-info: +--------+------+-----------------------------+---------------+--------+-------------------+
[    7.908196] cloud-init[1086]: ci-info: ++++++++++++++++++++++++++++Route IPv4 info++++++++++++++++++++++++++++
[    7.913293] cloud-init[1086]: ci-info: +-------+--------------+----------+---------------+-----------+-------+
[    7.914797] cloud-init[1086]: ci-info: | Route | Destination  | Gateway  |    Genmask    | Interface | Flags |
[    7.917004] cloud-init[1086]: ci-info: +-------+--------------+----------+---------------+-----------+-------+
[    7.920834] cloud-init[1086]: ci-info: |   0   |   0.0.0.0    | 10.0.2.2 |    0.0.0.0    |   enp0s3  |   UG  |
[    7.922074] cloud-init[1086]: ci-info: |   1   |   10.0.2.0   | 0.0.0.0  | 255.255.255.0 |   enp0s3  |   U   |
[    7.923279] cloud-init[1086]: ci-info: |   2   | 192.168.50.0 | 0.0.0.0  | 255.255.255.0 |   enp0s8  |   U   |
[    7.924553] cloud-init[1086]: ci-info: +-------+--------------+----------+---------------+-----------+-------+
[    7.928757] cloud-init[1086]: ci-info: +++++++++++++++++++Route IPv6 info+++++++++++++++++++
[    7.929991] cloud-init[1086]: ci-info: +-------+-------------+---------+-----------+-------+
[    7.932629] cloud-init[1086]: ci-info: | Route | Destination | Gateway | Interface | Flags |
[    7.936499] cloud-init[1086]: ci-info: +-------+-------------+---------+-----------+-------+
[    7.940527] cloud-init[1086]: ci-info: |   0   |  fe80::/64  |    ::   |   enp0s8  |   U   |
[    7.941690] cloud-init[1086]: ci-info: |   1   |  fe80::/64  |    ::   |   enp0s3  |   U   |
[    7.942614] cloud-init[1086]: ci-info: |   4   |   ff00::/8  |    ::   |   enp0s8  |   U   |
[    7.943700] cloud-init[1086]: ci-info: |   5   |   ff00::/8  |    ::   |   enp0s3  |   U   |
[    7.944743] cloud-init[1086]: ci-info: +-------+-------------+---------+-----------+-------+
[[0;32m  OK  [0m] Started Initial cloud-init job (metadata service crawler).
[[0;32m  OK  [0m] Reached target Cloud-config availability.
[[0;32m  OK  [0m] Reached target System Initialization.
[[0;32m  OK  [0m] Started Ubuntu Advantage update messaging.
[[0;32m  OK  [0m] Listening on D-Bus System Message Bus Socket.
[[0;32m  OK  [0m] Listening on ACPID Listen Socket.
[[0;32m  OK  [0m] Started Daily apt download activities.
[[0;32m  OK  [0m] Started Daily apt upgrade and clean activities.
[[0;32m  OK  [0m] Listening on UUID daemon activation socket.
[[0;32m  OK  [0m] Started Daily Cleanup of Temporary Directories.
         Starting Socket activation for snappy daemon.
         Starting LXD - unix socket.
[[0;32m  OK  [0m] Started Message of the Day.
[[0;32m  OK  [0m] Reached target Timers.
[[0;32m  OK  [0m] Started ACPI Events Check.
[[0;32m  OK  [0m] Reached target Paths.
[[0;32m  OK  [0m] Reached target Network is Online.
         Starting iSCSI initiator daemon (iscsid)...
[[0;32m  OK  [0m] Listening on Socket activation for snappy daemon.
[[0;32m  OK  [0m] Listening on LXD - unix socket.
[[0;32m  OK  [0m] Reached target Sockets.
[[0;32m  OK  [0m] Reached target Basic System.
         Starting LXD - container startup/shutdown...
         Starting Virtualbox guest utils...
         Starting System Logging Service...
[[0;32m  OK  [0m] Started FUSE filesystem for LXC.
         Starting /etc/rc.local Compatibility...
         Starting OpenBSD Secure Shell server...
[[0;32m  OK  [0m] Started D-Bus System Message Bus.
         Starting Login Service...
         Starting MySQL Community Server...
         Starting LSB: MD monitoring daemon...
[[0;32m  OK  [0m] Started ACPI event daemon.
         Starting LSB: Record successful boot for GRUB...
         Starting Accounts Service...
[[0;32m  OK  [0m] Started Deferred execution scheduler.
[[0;32m  OK  [0m] Started Regular background program processing daemon.
         Starting Snap Daemon...
[[0;32m  OK  [0m] Started System Logging Service.
[[0;32m  OK  [0m] Started iSCSI initiator daemon (iscsid).
[[0;32m  OK  [0m] Started /etc/rc.local Compatibility.
         Starting Login to default iSCSI targets...
[[0;32m  OK  [0m] Started OpenBSD Secure Shell server.
[[0;32m  OK  [0m] Started Login Service.
[[0;32m  OK  [0m] Started Unattended Upgrades Shutdown.
         Starting Authenticate and Authorize Users to Run Privileged Tasks...
[[0;32m  OK  [0m] Started Login to default iSCSI targets.
[[0;32m  OK  [0m] Reached target Remote File Systems (Pre).
         Mounting /examen-david-fdz-suco...
[[0;1;31mFAILED[0m] Failed to mount /examen-david-fdz-suco.
See 'systemctl status "examen\\x2ddavid\\x2dfdz\\x2dsuco.mount"' for details.
[[0;1;33mDEPEND[0m] Dependency failed for Remote File Systems.
         Starting LSB: automatic crash report generation...
         Starting LSB: Set the CPU Frequency Scaling governor to "ondemand"...
         Starting Permit User Sessions...
         Starting LSB: daemon to balance interrupts for SMP systems...
[[0;32m  OK  [0m] Started LSB: MD monitoring daemon.
[[0;32m  OK  [0m] Started LSB: Record successful boot for GRUB.
[[0;32m  OK  [0m] Started Permit User Sessions.
[[0;32m  OK  [0m] Started Authenticate and Authorize Users to Run Privileged Tasks.
[[0;32m  OK  [0m] Started Accounts Service.
         Starting Hold until boot process finishes up...
         Starting Terminate Plymouth Boot Screen...
[[0;32m  OK  [0m] Started Hold until boot process finishes up.
[[0;32m  OK  [0m] Started Getty on tty1.
[[0;32m  OK  [0m] Started Serial Getty on ttyS0.
[[0;32m  OK  [0m] Reached target Login Prompts.
         Starting Set console scheme...
[[0;32m  OK  [0m] Started LSB: Set the CPU Frequency Scaling governor to "ondemand".
[[0;32m  OK  [0m] Started Terminate Plymouth Boot Screen.
[[0;32m  OK  [0m] Started LXD - container startup/shutdown.
[[0;32m  OK  [0m] Started Set console scheme.
[[0;32m  OK  [0m] Started LSB: daemon to balance interrupts for SMP systems.
[[0;32m  OK  [0m] Started LSB: automatic crash report generation.
[[0;32m  OK  [0m] Started Virtualbox guest utils.
[[0;32m  OK  [0m] Started Snap Daemon.
         Starting Wait until snapd is fully seeded...
[[0;32m  OK  [0m] Started Wait until snapd is fully seeded.
         Starting Apply the settings specified in cloud-config...
[    9.161291] cloud-init[1360]: Cloud-init v. 21.1-19-gbad84ad4-0ubuntu1~16.04.2 running 'modules:config' at Mon, 20 May 2024 11:31:45 +0000. Up 9.05 seconds.
[[0;32m  OK  [0m] Started Apply the settings specified in cloud-config.
[[0;32m  OK  [0m] Started MySQL Community Server.
[[0;32m  OK  [0m] Reached target Multi-User System.
[[0;32m  OK  [0m] Reached target Graphical Interface.
         Starting Execute cloud user/final scripts...
         Starting Update UTMP about System Runlevel Changes...
[[0;32m  OK  [0m] Started Update UTMP about System Runlevel Changes.
[    9.813334] cloud-init[1401]: Cloud-init v. 21.1-19-gbad84ad4-0ubuntu1~16.04.2 running 'modules:final' at Mon, 20 May 2024 11:31:46 +0000. Up 9.73 seconds.
[    9.820763] cloud-init[1401]: Cloud-init v. 21.1-19-gbad84ad4-0ubuntu1~16.04.2 finished at Mon, 20 May 2024 11:31:46 +0000. Datasource DataSourceNoCloud [seed=/dev/sdb][dsmode=net].  Up 9.80 seconds
[[0;32m  OK  [0m] Started Execute cloud user/final scripts.
[[0;32m  OK  [0m] Reached target Cloud-init target.

Ubuntu 16.04.7 LTS ubuntu-xenial ttyS0

ubuntu-xenial login: 